<?xml version="1.0" encoding="UTF-8"?>
<testng-results skipped="0" failed="0" ignored="0" total="5" passed="5">
  <reporter-output>
  </reporter-output>
  <suite name="Default suite" duration-ms="10494" started-at="2021-12-18T22:22:30 IST" finished-at="2021-12-18T22:22:41 IST">
    <groups>
      <group name="cucumber">
        <method signature="AbstractTestNGCucumberTests.runScenario(io.cucumber.testng.PickleWrapper,io.cucumber.testng.FeatureWrapper)[pri:0, instance:com.runner.TestRunner@42607a4f]" name="runScenario" class="io.cucumber.testng.AbstractTestNGCucumberTests"/>
      </group> <!-- cucumber -->
    </groups>
    <test name="Default test" duration-ms="10494" started-at="2021-12-18T22:22:30 IST" finished-at="2021-12-18T22:22:41 IST">
      <class name="com.runner.TestRunner">
        <test-method status="PASS" signature="setUpClass(org.testng.ITestContext)[pri:0, instance:com.runner.TestRunner@42607a4f]" name="setUpClass" is-config="true" duration-ms="660" started-at="2021-12-18T22:22:30 IST" finished-at="2021-12-18T22:22:31 IST">
          <params>
            <param index="0">
              <value>
                <![CDATA[org.testng.TestRunner@61edc883]]>
              </value>
            </param>
          </params>
          <reporter-output>
          </reporter-output>
        </test-method> <!-- setUpClass -->
        <test-method status="PASS" signature="runScenario(io.cucumber.testng.PickleWrapper,io.cucumber.testng.FeatureWrapper)[pri:0, instance:com.runner.TestRunner@42607a4f]" name="runScenario" duration-ms="6861" started-at="2021-12-18T22:22:31 IST" description="Runs Cucumber Scenarios" data-provider="scenarios" finished-at="2021-12-18T22:22:38 IST">
          <params>
            <param index="0">
              <value>
                <![CDATA["User opens Home Page"]]>
              </value>
            </param>
            <param index="1">
              <value>
                <![CDATA["Optional[FlyAway Ticket Booking]"]]>
              </value>
            </param>
          </params>
          <reporter-output>
          </reporter-output>
        </test-method> <!-- runScenario -->
        <test-method status="PASS" signature="runScenario(io.cucumber.testng.PickleWrapper,io.cucumber.testng.FeatureWrapper)[pri:0, instance:com.runner.TestRunner@42607a4f]" name="runScenario" duration-ms="1268" started-at="2021-12-18T22:22:38 IST" description="Runs Cucumber Scenarios" data-provider="scenarios" finished-at="2021-12-18T22:22:39 IST">
          <params>
            <param index="0">
              <value>
                <![CDATA["User Registration"]]>
              </value>
            </param>
            <param index="1">
              <value>
                <![CDATA["Optional[FlyAway Ticket Booking]"]]>
              </value>
            </param>
          </params>
          <reporter-output>
          </reporter-output>
        </test-method> <!-- runScenario -->
        <test-method status="PASS" signature="runScenario(io.cucumber.testng.PickleWrapper,io.cucumber.testng.FeatureWrapper)[pri:0, instance:com.runner.TestRunner@42607a4f]" name="runScenario" duration-ms="644" started-at="2021-12-18T22:22:39 IST" description="Runs Cucumber Scenarios" data-provider="scenarios" finished-at="2021-12-18T22:22:40 IST">
          <params>
            <param index="0">
              <value>
                <![CDATA["Login Page"]]>
              </value>
            </param>
            <param index="1">
              <value>
                <![CDATA["Optional[FlyAway Ticket Booking]"]]>
              </value>
            </param>
          </params>
          <reporter-output>
          </reporter-output>
        </test-method> <!-- runScenario -->
        <test-method status="PASS" signature="runScenario(io.cucumber.testng.PickleWrapper,io.cucumber.testng.FeatureWrapper)[pri:0, instance:com.runner.TestRunner@42607a4f]" name="runScenario" duration-ms="587" started-at="2021-12-18T22:22:40 IST" description="Runs Cucumber Scenarios" data-provider="scenarios" finished-at="2021-12-18T22:22:40 IST">
          <params>
            <param index="0">
              <value>
                <![CDATA["Flight Ticket Booking"]]>
              </value>
            </param>
            <param index="1">
              <value>
                <![CDATA["Optional[FlyAway Ticket Booking]"]]>
              </value>
            </param>
          </params>
          <reporter-output>
          </reporter-output>
        </test-method> <!-- runScenario -->
        <test-method status="PASS" signature="runScenario(io.cucumber.testng.PickleWrapper,io.cucumber.testng.FeatureWrapper)[pri:0, instance:com.runner.TestRunner@42607a4f]" name="runScenario" duration-ms="375" started-at="2021-12-18T22:22:40 IST" description="Runs Cucumber Scenarios" data-provider="scenarios" finished-at="2021-12-18T22:22:41 IST">
          <params>
            <param index="0">
              <value>
                <![CDATA["View Booking Status"]]>
              </value>
            </param>
            <param index="1">
              <value>
                <![CDATA["Optional[FlyAway Ticket Booking]"]]>
              </value>
            </param>
          </params>
          <reporter-output>
          </reporter-output>
        </test-method> <!-- runScenario -->
        <test-method status="PASS" signature="tearDownClass()[pri:0, instance:com.runner.TestRunner@42607a4f]" name="tearDownClass" is-config="true" duration-ms="20" started-at="2021-12-18T22:22:41 IST" finished-at="2021-12-18T22:22:41 IST">
          <reporter-output>
          </reporter-output>
        </test-method> <!-- tearDownClass -->
      </class> <!-- com.runner.TestRunner -->
    </test> <!-- Default test -->
  </suite> <!-- Default suite -->
</testng-results>
